<?xml version="1.0" encoding="UTF-8"?>
<coverage generated="1676747143284" clover="3.2.0">
  <project timestamp="1676747143284" name="All files">
    <metrics statements="82" coveredstatements="35" conditionals="61" coveredconditionals="22" methods="17" coveredmethods="4" elements="160" coveredelements="61" complexity="0" loc="82" ncloc="82" packages="3" files="4" classes="4"/>
    <package name="app">
      <metrics statements="17" coveredstatements="10" conditionals="8" coveredconditionals="2" methods="0" coveredmethods="0"/>
      <file name="firebase.ts" path="/Users/nathanh/Projects/JS Projects/remix-app/app/firebase.ts">
        <metrics statements="17" coveredstatements="10" conditionals="8" coveredconditionals="2" methods="0" coveredmethods="0"/>
        <line num="1" count="1" type="stmt"/>
        <line num="2" count="1" type="stmt"/>
        <line num="3" count="1" type="stmt"/>
        <line num="11" count="1" type="stmt"/>
        <line num="14" count="1" type="cond" truecount="1" falsecount="1"/>
        <line num="15" count="1" type="cond" truecount="1" falsecount="1"/>
        <line num="16" count="1" type="stmt"/>
        <line num="18" count="0" type="cond" truecount="0" falsecount="1"/>
        <line num="19" count="0" type="stmt"/>
        <line num="22" count="0" type="cond" truecount="0" falsecount="1"/>
        <line num="23" count="0" type="stmt"/>
        <line num="26" count="0" type="stmt"/>
        <line num="27" count="0" type="cond" truecount="0" falsecount="2"/>
        <line num="28" count="0" type="stmt"/>
        <line num="31" count="1" type="stmt"/>
        <line num="32" count="1" type="stmt"/>
        <line num="34" count="1" type="stmt"/>
      </file>
    </package>
    <package name="app.auth.server">
      <metrics statements="49" coveredstatements="22" conditionals="48" coveredconditionals="20" methods="7" coveredmethods="3"/>
      <file name="firebase-auth.ts" path="/Users/nathanh/Projects/JS Projects/remix-app/app/auth.server/firebase-auth.ts">
        <metrics statements="49" coveredstatements="22" conditionals="48" coveredconditionals="20" methods="7" coveredmethods="3"/>
        <line num="2" count="1" type="stmt"/>
        <line num="3" count="1" type="stmt"/>
        <line num="10" count="1" type="stmt"/>
        <line num="11" count="2" type="stmt"/>
        <line num="14" count="1" type="cond" truecount="8" falsecount="3"/>
        <line num="15" count="0" type="stmt"/>
        <line num="27" count="1" type="stmt"/>
        <line num="28" count="1" type="stmt"/>
        <line num="29" count="1" type="cond" truecount="1" falsecount="1"/>
        <line num="30" count="0" type="stmt"/>
        <line num="32" count="1" type="stmt"/>
        <line num="40" count="0" type="stmt"/>
        <line num="54" count="1" type="cond" truecount="8" falsecount="3"/>
        <line num="55" count="0" type="stmt"/>
        <line num="67" count="1" type="stmt"/>
        <line num="68" count="1" type="stmt"/>
        <line num="69" count="1" type="stmt"/>
        <line num="71" count="1" type="stmt"/>
        <line num="80" count="1" type="stmt"/>
        <line num="81" count="1" type="stmt"/>
        <line num="84" count="1" type="cond" truecount="0" falsecount="1"/>
        <line num="85" count="0" type="stmt"/>
        <line num="98" count="1" type="stmt"/>
        <line num="101" count="1" type="stmt"/>
        <line num="107" count="1" type="stmt"/>
        <line num="111" count="1" type="stmt"/>
        <line num="118" count="1" type="stmt"/>
        <line num="124" count="0" type="stmt"/>
        <line num="125" count="0" type="stmt"/>
        <line num="139" count="0" type="stmt"/>
        <line num="143" count="0" type="stmt"/>
        <line num="144" count="0" type="cond" truecount="0" falsecount="1"/>
        <line num="145" count="0" type="stmt"/>
        <line num="148" count="0" type="stmt"/>
        <line num="158" count="0" type="stmt"/>
        <line num="162" count="0" type="stmt"/>
        <line num="163" count="0" type="stmt"/>
        <line num="166" count="0" type="cond" truecount="0" falsecount="3"/>
        <line num="167" count="0" type="stmt"/>
        <line num="168" count="0" type="stmt"/>
        <line num="171" count="0" type="cond" truecount="0" falsecount="2"/>
        <line num="174" count="0" type="cond" truecount="0" falsecount="7"/>
        <line num="175" count="0" type="stmt"/>
        <line num="184" count="0" type="cond" truecount="0" falsecount="2"/>
        <line num="185" count="0" type="stmt"/>
        <line num="187" count="0" type="stmt"/>
        <line num="201" count="0" type="stmt"/>
        <line num="202" count="0" type="cond" truecount="0" falsecount="2"/>
        <line num="203" count="0" type="stmt"/>
      </file>
    </package>
    <package name="app.models">
      <metrics statements="16" coveredstatements="3" conditionals="5" coveredconditionals="0" methods="10" coveredmethods="1"/>
      <file name="index.ts" path="/Users/nathanh/Projects/JS Projects/remix-app/app/models/index.ts">
        <metrics statements="2" coveredstatements="2" conditionals="0" coveredconditionals="0" methods="1" coveredmethods="1"/>
        <line num="1" count="1" type="stmt"/>
        <line num="3" count="3" type="stmt"/>
      </file>
      <file name="user.ts" path="/Users/nathanh/Projects/JS Projects/remix-app/app/models/user.ts">
        <metrics statements="14" coveredstatements="1" conditionals="5" coveredconditionals="0" methods="9" coveredmethods="0"/>
        <line num="8" count="1" type="stmt"/>
        <line num="17" count="0" type="cond" truecount="0" falsecount="1"/>
        <line num="18" count="0" type="cond" truecount="0" falsecount="1"/>
        <line num="19" count="0" type="cond" truecount="0" falsecount="1"/>
        <line num="20" count="0" type="stmt"/>
        <line num="22" count="0" type="cond" truecount="0" falsecount="2"/>
        <line num="30" count="0" type="stmt"/>
        <line num="38" count="0" type="stmt"/>
        <line num="46" count="0" type="stmt"/>
        <line num="54" count="0" type="stmt"/>
        <line num="62" count="0" type="stmt"/>
        <line num="70" count="0" type="stmt"/>
        <line num="78" count="0" type="stmt"/>
        <line num="86" count="0" type="stmt"/>
      </file>
    </package>
  </project>
</coverage>
