{"/Users/nathanh/Projects/JS Projects/remix-app/app/firebase.ts": {"path":"/Users/nathanh/Projects/JS Projects/remix-app/app/firebase.ts","statementMap":{"0":{"start":{"line":1,"column":0},"end":{"line":1,"column":74}},"1":{"start":{"line":2,"column":0},"end":{"line":2,"column":46}},"2":{"start":{"line":3,"column":0},"end":{"line":3,"column":56}},"3":{"start":{"line":34,"column":9},"end":{"line":34,"column":12}},"4":{"start":{"line":34,"column":14},"end":{"line":34,"column":18}},"5":{"start":{"line":11,"column":23},"end":{"line":11,"column":25}},"6":{"start":{"line":34,"column":24},"end":{"line":34,"column":40}},"7":{"start":{"line":34,"column":20},"end":{"line":34,"column":22}},"8":{"start":{"line":14,"column":0},"end":{"line":29,"column":null}},"9":{"start":{"line":15,"column":2},"end":{"line":15,"column":91}},"10":{"start":{"line":16,"column":2},"end":{"line":16,"column":115}},"11":{"start":{"line":18,"column":2},"end":{"line":20,"column":null}},"12":{"start":{"line":19,"column":4},"end":{"line":19,"column":56}},"13":{"start":{"line":22,"column":2},"end":{"line":24,"column":null}},"14":{"start":{"line":23,"column":4},"end":{"line":23,"column":48}},"15":{"start":{"line":26,"column":41},"end":{"line":26,"column":93}},"16":{"start":{"line":27,"column":2},"end":{"line":27,"column":96}},"17":{"start":{"line":28,"column":2},"end":{"line":28,"column":133}},"18":{"start":{"line":31,"column":0},"end":{"line":31,"column":20}},"19":{"start":{"line":32,"column":0},"end":{"line":32,"column":23}}},"fnMap":{},"branchMap":{"0":{"loc":{"start":{"line":14,"column":0},"end":{"line":29,"column":null}},"type":"if","locations":[{"start":{"line":14,"column":0},"end":{"line":29,"column":null}},{"start":{"line":17,"column":7},"end":{"line":29,"column":null}}]},"1":{"loc":{"start":{"line":15,"column":8},"end":{"line":15,"column":90}},"type":"cond-expr","locations":[{"start":{"line":15,"column":33},"end":{"line":15,"column":79}},{"start":{"line":15,"column":82},"end":{"line":15,"column":90}}]},"2":{"loc":{"start":{"line":18,"column":2},"end":{"line":20,"column":null}},"type":"if","locations":[{"start":{"line":18,"column":2},"end":{"line":20,"column":null}}]},"3":{"loc":{"start":{"line":22,"column":2},"end":{"line":24,"column":null}},"type":"if","locations":[{"start":{"line":22,"column":2},"end":{"line":24,"column":null}}]},"4":{"loc":{"start":{"line":27,"column":8},"end":{"line":27,"column":95}},"type":"cond-expr","locations":[{"start":{"line":27,"column":33},"end":{"line":27,"column":84}},{"start":{"line":27,"column":87},"end":{"line":27,"column":95}}]}},"s":{"0":1,"1":1,"2":1,"3":1,"4":1,"5":1,"6":1,"7":1,"8":1,"9":1,"10":1,"11":0,"12":0,"13":0,"14":0,"15":0,"16":0,"17":0,"18":1,"19":1},"f":{},"b":{"0":[1,0],"1":[1,0],"2":[0],"3":[0],"4":[0,0]}}
,"/Users/nathanh/Projects/JS Projects/remix-app/app/auth.server/firebase-auth.ts": {"path":"/Users/nathanh/Projects/JS Projects/remix-app/app/auth.server/firebase-auth.ts","statementMap":{"0":{"start":{"line":2,"column":0},"end":{"line":2,"column":49}},"1":{"start":{"line":3,"column":0},"end":{"line":3,"column":52}},"2":{"start":{"line":11,"column":22},"end":{"line":11,"column":42}},"3":{"start":{"line":14,"column":4},"end":{"line":25,"column":null}},"4":{"start":{"line":15,"column":6},"end":{"line":24,"column":8}},"5":{"start":{"line":27,"column":4},"end":{"line":50,"column":null}},"6":{"start":{"line":28,"column":22},"end":{"line":28,"column":94}},"7":{"start":{"line":29,"column":6},"end":{"line":38,"column":null}},"8":{"start":{"line":30,"column":8},"end":{"line":30,"column":36}},"9":{"start":{"line":32,"column":8},"end":{"line":37,"column":10}},"10":{"start":{"line":40,"column":6},"end":{"line":49,"column":8}},"11":{"start":{"line":54,"column":4},"end":{"line":65,"column":null}},"12":{"start":{"line":55,"column":6},"end":{"line":64,"column":8}},"13":{"start":{"line":67,"column":4},"end":{"line":135,"column":null}},"14":{"start":{"line":68,"column":31},"end":{"line":68,"column":44}},"15":{"start":{"line":69,"column":6},"end":{"line":69,"column":57}},"16":{"start":{"line":71,"column":27},"end":{"line":79,"column":8}},"17":{"start":{"line":80,"column":37},"end":{"line":80,"column":53}},"18":{"start":{"line":81,"column":31},"end":{"line":81,"column":56}},"19":{"start":{"line":84,"column":6},"end":{"line":95,"column":null}},"20":{"start":{"line":85,"column":8},"end":{"line":94,"column":10}},"21":{"start":{"line":98,"column":27},"end":{"line":98,"column":66}},"22":{"start":{"line":101,"column":32},"end":{"line":101,"column":55}},"23":{"start":{"line":107,"column":37},"end":{"line":109,"column":8}},"24":{"start":{"line":111,"column":36},"end":{"line":116,"column":8}},"25":{"start":{"line":118,"column":6},"end":{"line":121,"column":9}},"26":{"start":{"line":124,"column":6},"end":{"line":124,"column":84}},"27":{"start":{"line":125,"column":6},"end":{"line":134,"column":8}},"28":{"start":{"line":139,"column":4},"end":{"line":139,"column":85}},"29":{"start":{"line":143,"column":4},"end":{"line":156,"column":null}},"30":{"start":{"line":144,"column":6},"end":{"line":146,"column":null}},"31":{"start":{"line":145,"column":8},"end":{"line":145,"column":20}},"32":{"start":{"line":148,"column":6},"end":{"line":155,"column":8}},"33":{"start":{"line":158,"column":4},"end":{"line":158,"column":17}},"34":{"start":{"line":162,"column":20},"end":{"line":162,"column":62}},"35":{"start":{"line":163,"column":27},"end":{"line":163,"column":49}},"36":{"start":{"line":166,"column":4},"end":{"line":182,"column":null}},"37":{"start":{"line":167,"column":6},"end":{"line":172,"column":null}},"38":{"start":{"line":168,"column":8},"end":{"line":168,"column":71}},"39":{"start":{"line":171,"column":8},"end":{"line":171,"column":119}},"40":{"start":{"line":174,"column":6},"end":{"line":181,"column":null}},"41":{"start":{"line":175,"column":8},"end":{"line":180,"column":10}},"42":{"start":{"line":184,"column":4},"end":{"line":197,"column":null}},"43":{"start":{"line":185,"column":6},"end":{"line":185,"column":33}},"44":{"start":{"line":187,"column":6},"end":{"line":196,"column":8}},"45":{"start":{"line":201,"column":20},"end":{"line":201,"column":62}},"46":{"start":{"line":202,"column":27},"end":{"line":202,"column":66}},"47":{"start":{"line":203,"column":4},"end":{"line":203,"column":16}},"48":{"start":{"line":10,"column":0},"end":{"line":10,"column":13}}},"fnMap":{"0":{"name":"(anonymous_0)","decl":{"start":{"line":11,"column":2},"end":{"line":11,"column":22}},"loc":{"start":{"line":11,"column":42},"end":{"line":11,"column":46}}},"1":{"name":"(anonymous_1)","decl":{"start":{"line":13,"column":2},"end":{"line":13,"column":7}},"loc":{"start":{"line":13,"column":57},"end":{"line":51,"column":3}}},"2":{"name":"(anonymous_2)","decl":{"start":{"line":53,"column":2},"end":{"line":53,"column":7}},"loc":{"start":{"line":53,"column":28},"end":{"line":136,"column":3}}},"3":{"name":"(anonymous_3)","decl":{"start":{"line":138,"column":2},"end":{"line":138,"column":8}},"loc":{"start":{"line":138,"column":43},"end":{"line":140,"column":3}}},"4":{"name":"(anonymous_4)","decl":{"start":{"line":142,"column":2},"end":{"line":142,"column":7}},"loc":{"start":{"line":142,"column":29},"end":{"line":159,"column":3}}},"5":{"name":"(anonymous_5)","decl":{"start":{"line":161,"column":2},"end":{"line":161,"column":7}},"loc":{"start":{"line":161,"column":85},"end":{"line":198,"column":3}}},"6":{"name":"(anonymous_6)","decl":{"start":{"line":200,"column":2},"end":{"line":200,"column":7}},"loc":{"start":{"line":200,"column":29},"end":{"line":204,"column":3}}}},"branchMap":{"0":{"loc":{"start":{"line":14,"column":4},"end":{"line":25,"column":null}},"type":"if","locations":[{"start":{"line":14,"column":4},"end":{"line":25,"column":null}}]},"1":{"loc":{"start":{"line":14,"column":8},"end":{"line":14,"column":44}},"type":"binary-expr","locations":[{"start":{"line":14,"column":8},"end":{"line":14,"column":27}},{"start":{"line":14,"column":27},"end":{"line":14,"column":44}}]},"2":{"loc":{"start":{"line":14,"column":9},"end":{"line":14,"column":23}},"type":"cond-expr","locations":[{"start":{"line":14,"column":13},"end":{"line":14,"column":15}},{"start":{"line":14,"column":9},"end":{"line":14,"column":23}}]},"3":{"loc":{"start":{"line":14,"column":9},"end":{"line":14,"column":15}},"type":"binary-expr","locations":[{"start":{"line":14,"column":9},"end":{"line":14,"column":15}},{"start":{"line":14,"column":9},"end":{"line":14,"column":15}}]},"4":{"loc":{"start":{"line":14,"column":28},"end":{"line":14,"column":42}},"type":"cond-expr","locations":[{"start":{"line":14,"column":32},"end":{"line":14,"column":34}},{"start":{"line":14,"column":28},"end":{"line":14,"column":42}}]},"5":{"loc":{"start":{"line":14,"column":28},"end":{"line":14,"column":34}},"type":"binary-expr","locations":[{"start":{"line":14,"column":28},"end":{"line":14,"column":34}},{"start":{"line":14,"column":28},"end":{"line":14,"column":34}}]},"6":{"loc":{"start":{"line":29,"column":6},"end":{"line":38,"column":null}},"type":"if","locations":[{"start":{"line":29,"column":6},"end":{"line":38,"column":null}},{"start":{"line":31,"column":13},"end":{"line":38,"column":null}}]},"7":{"loc":{"start":{"line":54,"column":4},"end":{"line":65,"column":null}},"type":"if","locations":[{"start":{"line":54,"column":4},"end":{"line":65,"column":null}}]},"8":{"loc":{"start":{"line":54,"column":8},"end":{"line":54,"column":44}},"type":"binary-expr","locations":[{"start":{"line":54,"column":8},"end":{"line":54,"column":27}},{"start":{"line":54,"column":27},"end":{"line":54,"column":44}}]},"9":{"loc":{"start":{"line":54,"column":9},"end":{"line":54,"column":23}},"type":"cond-expr","locations":[{"start":{"line":54,"column":13},"end":{"line":54,"column":15}},{"start":{"line":54,"column":9},"end":{"line":54,"column":23}}]},"10":{"loc":{"start":{"line":54,"column":9},"end":{"line":54,"column":15}},"type":"binary-expr","locations":[{"start":{"line":54,"column":9},"end":{"line":54,"column":15}},{"start":{"line":54,"column":9},"end":{"line":54,"column":15}}]},"11":{"loc":{"start":{"line":54,"column":28},"end":{"line":54,"column":42}},"type":"cond-expr","locations":[{"start":{"line":54,"column":32},"end":{"line":54,"column":34}},{"start":{"line":54,"column":28},"end":{"line":54,"column":42}}]},"12":{"loc":{"start":{"line":54,"column":28},"end":{"line":54,"column":34}},"type":"binary-expr","locations":[{"start":{"line":54,"column":28},"end":{"line":54,"column":34}},{"start":{"line":54,"column":28},"end":{"line":54,"column":34}}]},"13":{"loc":{"start":{"line":84,"column":6},"end":{"line":95,"column":null}},"type":"if","locations":[{"start":{"line":84,"column":6},"end":{"line":95,"column":null}}]},"14":{"loc":{"start":{"line":115,"column":14},"end":{"line":115,"column":45}},"type":"cond-expr","locations":[{"start":{"line":115,"column":39},"end":{"line":115,"column":41}},{"start":{"line":115,"column":39},"end":{"line":115,"column":45}}]},"15":{"loc":{"start":{"line":115,"column":14},"end":{"line":115,"column":41}},"type":"binary-expr","locations":[{"start":{"line":115,"column":14},"end":{"line":115,"column":41}},{"start":{"line":115,"column":39},"end":{"line":115,"column":41}}]},"16":{"loc":{"start":{"line":138,"column":27},"end":{"line":138,"column":43}},"type":"default-arg","locations":[{"start":{"line":138,"column":40},"end":{"line":138,"column":43}}]},"17":{"loc":{"start":{"line":144,"column":6},"end":{"line":146,"column":null}},"type":"if","locations":[{"start":{"line":144,"column":6},"end":{"line":146,"column":null}}]},"18":{"loc":{"start":{"line":161,"column":38},"end":{"line":161,"column":64}},"type":"default-arg","locations":[{"start":{"line":161,"column":60},"end":{"line":161,"column":64}}]},"19":{"loc":{"start":{"line":166,"column":4},"end":{"line":182,"column":null}},"type":"if","locations":[{"start":{"line":166,"column":4},"end":{"line":182,"column":null}}]},"20":{"loc":{"start":{"line":166,"column":8},"end":{"line":166,"column":60}},"type":"binary-expr","locations":[{"start":{"line":166,"column":8},"end":{"line":166,"column":22}},{"start":{"line":166,"column":26},"end":{"line":166,"column":60}}]},"21":{"loc":{"start":{"line":171,"column":82},"end":{"line":171,"column":117}},"type":"cond-expr","locations":[{"start":{"line":171,"column":95},"end":{"line":171,"column":105}},{"start":{"line":171,"column":108},"end":{"line":171,"column":117}}]},"22":{"loc":{"start":{"line":174,"column":6},"end":{"line":181,"column":null}},"type":"if","locations":[{"start":{"line":174,"column":6},"end":{"line":181,"column":null}}]},"23":{"loc":{"start":{"line":174,"column":10},"end":{"line":174,"column":49}},"type":"binary-expr","locations":[{"start":{"line":174,"column":10},"end":{"line":174,"column":15}},{"start":{"line":174,"column":19},"end":{"line":174,"column":49}}]},"24":{"loc":{"start":{"line":174,"column":28},"end":{"line":174,"column":47}},"type":"cond-expr","locations":[{"start":{"line":174,"column":41},"end":{"line":174,"column":43}},{"start":{"line":174,"column":28},"end":{"line":174,"column":47}}]},"25":{"loc":{"start":{"line":174,"column":28},"end":{"line":174,"column":43}},"type":"binary-expr","locations":[{"start":{"line":174,"column":28},"end":{"line":174,"column":43}},{"start":{"line":174,"column":28},"end":{"line":174,"column":43}}]},"26":{"loc":{"start":{"line":184,"column":4},"end":{"line":197,"column":null}},"type":"if","locations":[{"start":{"line":184,"column":4},"end":{"line":197,"column":null}},{"start":{"line":186,"column":11},"end":{"line":197,"column":null}}]},"27":{"loc":{"start":{"line":202,"column":38},"end":{"line":202,"column":65}},"type":"binary-expr","locations":[{"start":{"line":202,"column":38},"end":{"line":202,"column":57}},{"start":{"line":202,"column":61},"end":{"line":202,"column":65}}]}},"s":{"0":1,"1":1,"2":2,"3":1,"4":0,"5":1,"6":1,"7":1,"8":0,"9":1,"10":0,"11":1,"12":0,"13":1,"14":1,"15":1,"16":1,"17":1,"18":1,"19":1,"20":0,"21":1,"22":1,"23":1,"24":1,"25":1,"26":0,"27":0,"28":0,"29":0,"30":0,"31":0,"32":0,"33":0,"34":0,"35":0,"36":0,"37":0,"38":0,"39":0,"40":0,"41":0,"42":0,"43":0,"44":0,"45":0,"46":0,"47":0,"48":1},"f":{"0":2,"1":1,"2":1,"3":0,"4":0,"5":0,"6":0},"b":{"0":[0],"1":[1,1],"2":[0,1],"3":[1,1],"4":[0,1],"5":[1,1],"6":[0,1],"7":[0],"8":[1,1],"9":[0,1],"10":[1,1],"11":[0,1],"12":[1,1],"13":[0],"14":[1,0],"15":[1,1],"16":[0],"17":[0],"18":[0],"19":[0],"20":[0,0],"21":[0,0],"22":[0],"23":[0,0],"24":[0,0],"25":[0,0],"26":[0,0],"27":[0,0]}}
,"/Users/nathanh/Projects/JS Projects/remix-app/app/models/index.ts": {"path":"/Users/nathanh/Projects/JS Projects/remix-app/app/models/index.ts","statementMap":{"0":{"start":{"line":1,"column":0},"end":{"line":1,"column":9}},"1":{"start":{"line":3,"column":9},"end":{"line":1,"column":30}}},"fnMap":{"0":{"name":"(anonymous_0)","decl":{"start":{"line":3,"column":9},"end":{"line":3,"column":13}},"loc":{"start":{"line":3,"column":9},"end":{"line":1,"column":30}}}},"branchMap":{},"s":{"0":1,"1":3},"f":{"0":2},"b":{}}
,"/Users/nathanh/Projects/JS Projects/remix-app/app/models/user.ts": {"path":"/Users/nathanh/Projects/JS Projects/remix-app/app/models/user.ts","statementMap":{"0":{"start":{"line":17,"column":12},"end":{"line":17,"column":31}},"1":{"start":{"line":18,"column":12},"end":{"line":18,"column":27}},"2":{"start":{"line":19,"column":12},"end":{"line":19,"column":25}},"3":{"start":{"line":20,"column":12},"end":{"line":20,"column":47}},"4":{"start":{"line":22,"column":4},"end":{"line":22,"column":43}},"5":{"start":{"line":30,"column":4},"end":{"line":30,"column":25}},"6":{"start":{"line":38,"column":4},"end":{"line":38,"column":29}},"7":{"start":{"line":46,"column":4},"end":{"line":46,"column":21}},"8":{"start":{"line":54,"column":4},"end":{"line":54,"column":21}},"9":{"start":{"line":62,"column":4},"end":{"line":62,"column":19}},"10":{"start":{"line":70,"column":4},"end":{"line":70,"column":17}},"11":{"start":{"line":78,"column":4},"end":{"line":78,"column":35}},"12":{"start":{"line":86,"column":4},"end":{"line":86,"column":29}},"13":{"start":{"line":8,"column":0},"end":{"line":8,"column":13}}},"fnMap":{"0":{"name":"(anonymous_0)","decl":{"start":{"line":16,"column":2},"end":{"line":16,"column":null}},"loc":{"start":{"line":20,"column":47},"end":{"line":23,"column":3}}},"1":{"name":"(anonymous_1)","decl":{"start":{"line":29,"column":2},"end":{"line":29,"column":13}},"loc":{"start":{"line":29,"column":13},"end":{"line":31,"column":3}}},"2":{"name":"(anonymous_2)","decl":{"start":{"line":37,"column":2},"end":{"line":37,"column":13}},"loc":{"start":{"line":37,"column":30},"end":{"line":39,"column":3}}},"3":{"name":"(anonymous_3)","decl":{"start":{"line":45,"column":2},"end":{"line":45,"column":9}},"loc":{"start":{"line":45,"column":9},"end":{"line":47,"column":3}}},"4":{"name":"(anonymous_4)","decl":{"start":{"line":53,"column":2},"end":{"line":53,"column":9}},"loc":{"start":{"line":53,"column":22},"end":{"line":55,"column":3}}},"5":{"name":"(anonymous_5)","decl":{"start":{"line":61,"column":2},"end":{"line":61,"column":7}},"loc":{"start":{"line":61,"column":7},"end":{"line":63,"column":3}}},"6":{"name":"(anonymous_6)","decl":{"start":{"line":69,"column":2},"end":{"line":69,"column":7}},"loc":{"start":{"line":69,"column":18},"end":{"line":71,"column":3}}},"7":{"name":"(anonymous_7)","decl":{"start":{"line":77,"column":2},"end":{"line":77,"column":16}},"loc":{"start":{"line":77,"column":16},"end":{"line":79,"column":3}}},"8":{"name":"(anonymous_8)","decl":{"start":{"line":85,"column":2},"end":{"line":85,"column":16}},"loc":{"start":{"line":85,"column":38},"end":{"line":87,"column":3}}}},"branchMap":{"0":{"loc":{"start":{"line":17,"column":12},"end":{"line":17,"column":33}},"type":"default-arg","locations":[{"start":{"line":17,"column":31},"end":{"line":17,"column":33}}]},"1":{"loc":{"start":{"line":18,"column":12},"end":{"line":18,"column":29}},"type":"default-arg","locations":[{"start":{"line":18,"column":27},"end":{"line":18,"column":29}}]},"2":{"loc":{"start":{"line":19,"column":12},"end":{"line":19,"column":27}},"type":"default-arg","locations":[{"start":{"line":19,"column":25},"end":{"line":19,"column":27}}]},"3":{"loc":{"start":{"line":22,"column":23},"end":{"line":22,"column":42}},"type":"binary-expr","locations":[{"start":{"line":22,"column":23},"end":{"line":22,"column":34}},{"start":{"line":22,"column":38},"end":{"line":22,"column":42}}]}},"s":{"0":0,"1":0,"2":0,"3":0,"4":0,"5":0,"6":0,"7":0,"8":0,"9":0,"10":0,"11":0,"12":0,"13":1},"f":{"0":0,"1":0,"2":0,"3":0,"4":0,"5":0,"6":0,"7":0,"8":0},"b":{"0":[0],"1":[0],"2":[0],"3":[0,0]}}
}
