TN:
SF:app/firebase.ts
FNF:0
FNH:0
DA:1,1
DA:2,1
DA:3,1
DA:11,1
DA:14,1
DA:15,1
DA:16,1
DA:18,0
DA:19,0
DA:22,0
DA:23,0
DA:26,0
DA:27,0
DA:28,0
DA:31,1
DA:32,1
DA:34,1
LF:17
LH:10
BRDA:14,0,0,1
BRDA:14,0,1,0
BRDA:15,1,0,1
BRDA:15,1,1,0
BRDA:18,2,0,0
BRDA:22,3,0,0
BRDA:27,4,0,0
BRDA:27,4,1,0
BRF:8
BRH:2
end_of_record
TN:
SF:app/auth.server/firebase-auth.ts
FN:11,(anonymous_0)
FN:13,(anonymous_1)
FN:53,(anonymous_2)
FN:138,(anonymous_3)
FN:142,(anonymous_4)
FN:161,(anonymous_5)
FN:200,(anonymous_6)
FNF:7
FNH:3
FNDA:2,(anonymous_0)
FNDA:1,(anonymous_1)
FNDA:1,(anonymous_2)
FNDA:0,(anonymous_3)
FNDA:0,(anonymous_4)
FNDA:0,(anonymous_5)
FNDA:0,(anonymous_6)
DA:2,1
DA:3,1
DA:10,1
DA:11,2
DA:14,1
DA:15,0
DA:27,1
DA:28,1
DA:29,1
DA:30,0
DA:32,1
DA:40,0
DA:54,1
DA:55,0
DA:67,1
DA:68,1
DA:69,1
DA:71,1
DA:80,1
DA:81,1
DA:84,1
DA:85,0
DA:98,1
DA:101,1
DA:107,1
DA:111,1
DA:118,1
DA:124,0
DA:125,0
DA:139,0
DA:143,0
DA:144,0
DA:145,0
DA:148,0
DA:158,0
DA:162,0
DA:163,0
DA:166,0
DA:167,0
DA:168,0
DA:171,0
DA:174,0
DA:175,0
DA:184,0
DA:185,0
DA:187,0
DA:201,0
DA:202,0
DA:203,0
LF:49
LH:22
BRDA:14,0,0,0
BRDA:14,1,0,1
BRDA:14,1,1,1
BRDA:14,2,0,0
BRDA:14,2,1,1
BRDA:14,3,0,1
BRDA:14,3,1,1
BRDA:14,4,0,0
BRDA:14,4,1,1
BRDA:14,5,0,1
BRDA:14,5,1,1
BRDA:29,6,0,0
BRDA:29,6,1,1
BRDA:54,7,0,0
BRDA:54,8,0,1
BRDA:54,8,1,1
BRDA:54,9,0,0
BRDA:54,9,1,1
BRDA:54,10,0,1
BRDA:54,10,1,1
BRDA:54,11,0,0
BRDA:54,11,1,1
BRDA:54,12,0,1
BRDA:54,12,1,1
BRDA:84,13,0,0
BRDA:115,14,0,1
BRDA:115,14,1,0
BRDA:115,15,0,1
BRDA:115,15,1,1
BRDA:138,16,0,0
BRDA:144,17,0,0
BRDA:161,18,0,0
BRDA:166,19,0,0
BRDA:166,20,0,0
BRDA:166,20,1,0
BRDA:171,21,0,0
BRDA:171,21,1,0
BRDA:174,22,0,0
BRDA:174,23,0,0
BRDA:174,23,1,0
BRDA:174,24,0,0
BRDA:174,24,1,0
BRDA:174,25,0,0
BRDA:174,25,1,0
BRDA:184,26,0,0
BRDA:184,26,1,0
BRDA:202,27,0,0
BRDA:202,27,1,0
BRF:48
BRH:20
end_of_record
TN:
SF:app/models/index.ts
FN:3,(anonymous_0)
FNF:1
FNH:1
FNDA:2,(anonymous_0)
DA:1,1
DA:3,3
LF:2
LH:2
BRF:0
BRH:0
end_of_record
TN:
SF:app/models/user.ts
FN:16,(anonymous_0)
FN:29,(anonymous_1)
FN:37,(anonymous_2)
FN:45,(anonymous_3)
FN:53,(anonymous_4)
FN:61,(anonymous_5)
FN:69,(anonymous_6)
FN:77,(anonymous_7)
FN:85,(anonymous_8)
FNF:9
FNH:0
FNDA:0,(anonymous_0)
FNDA:0,(anonymous_1)
FNDA:0,(anonymous_2)
FNDA:0,(anonymous_3)
FNDA:0,(anonymous_4)
FNDA:0,(anonymous_5)
FNDA:0,(anonymous_6)
FNDA:0,(anonymous_7)
FNDA:0,(anonymous_8)
DA:8,1
DA:17,0
DA:18,0
DA:19,0
DA:20,0
DA:22,0
DA:30,0
DA:38,0
DA:46,0
DA:54,0
DA:62,0
DA:70,0
DA:78,0
DA:86,0
LF:14
LH:1
BRDA:17,0,0,0
BRDA:18,1,0,0
BRDA:19,2,0,0
BRDA:22,3,0,0
BRDA:22,3,1,0
BRF:5
BRH:0
end_of_record
